Copyright 1986-2019 Xilinx, Inc. All Rights Reserved.
-----------------------------------------------------------------------------------------------------------------------------------------------------------------------------------------------------------
| Tool Version : Vivado v.2019.2 (win64) Build 2708876 Wed Nov  6 21:40:23 MST 2019
| Date         : Tue Sep  5 14:49:51 2023
| Host         : LAPTOP-BEASOA6F running 64-bit major release  (build 9200)
| Command      : report_methodology -file MiniMIPS32_Lite_FullSyS_methodology_drc_routed.rpt -pb MiniMIPS32_Lite_FullSyS_methodology_drc_routed.pb -rpx MiniMIPS32_Lite_FullSyS_methodology_drc_routed.rpx
| Design       : MiniMIPS32_Lite_FullSyS
| Device       : xc7a35tftg256-1
| Speed File   : -1
| Design State : Fully Routed
-----------------------------------------------------------------------------------------------------------------------------------------------------------------------------------------------------------

Report Methodology

Table of Contents
-----------------
1. REPORT SUMMARY
2. REPORT DETAILS

1. REPORT SUMMARY
-----------------
            Netlist: netlist
          Floorplan: design_1
      Design limits: <entire design considered>
             Max violations: <unlimited>
             Violations found: 50
+-----------+----------+-------------------------------+------------+
| Rule      | Severity | Description                   | Violations |
+-----------+----------+-------------------------------+------------+
| TIMING-18 | Warning  | Missing input or output delay | 50         |
+-----------+----------+-------------------------------+------------+

2. REPORT DETAILS
-----------------
TIMING-18#1 Warning
Missing input or output delay  
An input delay is missing on btn_rc[0] relative to clock(s) sys_clk_25M
Related violations: <none>

TIMING-18#2 Warning
Missing input or output delay  
An input delay is missing on btn_rc[1] relative to clock(s) sys_clk_25M
Related violations: <none>

TIMING-18#3 Warning
Missing input or output delay  
An input delay is missing on btn_rc[2] relative to clock(s) sys_clk_25M
Related violations: <none>

TIMING-18#4 Warning
Missing input or output delay  
An input delay is missing on btn_rc[3] relative to clock(s) sys_clk_25M
Related violations: <none>

TIMING-18#5 Warning
Missing input or output delay  
An input delay is missing on btn_rc[4] relative to clock(s) sys_clk_25M
Related violations: <none>

TIMING-18#6 Warning
Missing input or output delay  
An input delay is missing on btn_rc[5] relative to clock(s) sys_clk_25M
Related violations: <none>

TIMING-18#7 Warning
Missing input or output delay  
An input delay is missing on btn_rc[6] relative to clock(s) sys_clk_25M
Related violations: <none>

TIMING-18#8 Warning
Missing input or output delay  
An input delay is missing on btn_rc[7] relative to clock(s) sys_clk_25M
Related violations: <none>

TIMING-18#9 Warning
Missing input or output delay  
An input delay is missing on dip_sw[0] relative to clock(s) sys_clk_25M
Related violations: <none>

TIMING-18#10 Warning
Missing input or output delay  
An input delay is missing on dip_sw[1] relative to clock(s) sys_clk_25M
Related violations: <none>

TIMING-18#11 Warning
Missing input or output delay  
An input delay is missing on dip_sw[2] relative to clock(s) sys_clk_25M
Related violations: <none>

TIMING-18#12 Warning
Missing input or output delay  
An input delay is missing on dip_sw[3] relative to clock(s) sys_clk_25M
Related violations: <none>

TIMING-18#13 Warning
Missing input or output delay  
An input delay is missing on dip_sw[4] relative to clock(s) sys_clk_25M
Related violations: <none>

TIMING-18#14 Warning
Missing input or output delay  
An input delay is missing on dip_sw[5] relative to clock(s) sys_clk_25M
Related violations: <none>

TIMING-18#15 Warning
Missing input or output delay  
An input delay is missing on dip_sw[6] relative to clock(s) sys_clk_25M
Related violations: <none>

TIMING-18#16 Warning
Missing input or output delay  
An input delay is missing on dip_sw[7] relative to clock(s) sys_clk_25M
Related violations: <none>

TIMING-18#17 Warning
Missing input or output delay  
An input delay is missing on rxd relative to clock(s) sys_clk_25M
Related violations: <none>

TIMING-18#18 Warning
Missing input or output delay  
An output delay is missing on a_to_gH[0] relative to clock(s) sys_clk_25M
Related violations: <none>

TIMING-18#19 Warning
Missing input or output delay  
An output delay is missing on a_to_gH[1] relative to clock(s) sys_clk_25M
Related violations: <none>

TIMING-18#20 Warning
Missing input or output delay  
An output delay is missing on a_to_gH[2] relative to clock(s) sys_clk_25M
Related violations: <none>

TIMING-18#21 Warning
Missing input or output delay  
An output delay is missing on a_to_gH[3] relative to clock(s) sys_clk_25M
Related violations: <none>

TIMING-18#22 Warning
Missing input or output delay  
An output delay is missing on a_to_gH[4] relative to clock(s) sys_clk_25M
Related violations: <none>

TIMING-18#23 Warning
Missing input or output delay  
An output delay is missing on a_to_gH[5] relative to clock(s) sys_clk_25M
Related violations: <none>

TIMING-18#24 Warning
Missing input or output delay  
An output delay is missing on a_to_gH[6] relative to clock(s) sys_clk_25M
Related violations: <none>

TIMING-18#25 Warning
Missing input or output delay  
An output delay is missing on a_to_gH[7] relative to clock(s) sys_clk_25M
Related violations: <none>

TIMING-18#26 Warning
Missing input or output delay  
An output delay is missing on a_to_gL[0] relative to clock(s) sys_clk_25M
Related violations: <none>

TIMING-18#27 Warning
Missing input or output delay  
An output delay is missing on a_to_gL[1] relative to clock(s) sys_clk_25M
Related violations: <none>

TIMING-18#28 Warning
Missing input or output delay  
An output delay is missing on a_to_gL[2] relative to clock(s) sys_clk_25M
Related violations: <none>

TIMING-18#29 Warning
Missing input or output delay  
An output delay is missing on a_to_gL[3] relative to clock(s) sys_clk_25M
Related violations: <none>

TIMING-18#30 Warning
Missing input or output delay  
An output delay is missing on a_to_gL[4] relative to clock(s) sys_clk_25M
Related violations: <none>

TIMING-18#31 Warning
Missing input or output delay  
An output delay is missing on a_to_gL[5] relative to clock(s) sys_clk_25M
Related violations: <none>

TIMING-18#32 Warning
Missing input or output delay  
An output delay is missing on a_to_gL[6] relative to clock(s) sys_clk_25M
Related violations: <none>

TIMING-18#33 Warning
Missing input or output delay  
An output delay is missing on a_to_gL[7] relative to clock(s) sys_clk_25M
Related violations: <none>

TIMING-18#34 Warning
Missing input or output delay  
An output delay is missing on anH[0] relative to clock(s) sys_clk_25M
Related violations: <none>

TIMING-18#35 Warning
Missing input or output delay  
An output delay is missing on anH[1] relative to clock(s) sys_clk_25M
Related violations: <none>

TIMING-18#36 Warning
Missing input or output delay  
An output delay is missing on anH[2] relative to clock(s) sys_clk_25M
Related violations: <none>

TIMING-18#37 Warning
Missing input or output delay  
An output delay is missing on anH[3] relative to clock(s) sys_clk_25M
Related violations: <none>

TIMING-18#38 Warning
Missing input or output delay  
An output delay is missing on anL[0] relative to clock(s) sys_clk_25M
Related violations: <none>

TIMING-18#39 Warning
Missing input or output delay  
An output delay is missing on anL[1] relative to clock(s) sys_clk_25M
Related violations: <none>

TIMING-18#40 Warning
Missing input or output delay  
An output delay is missing on anL[2] relative to clock(s) sys_clk_25M
Related violations: <none>

TIMING-18#41 Warning
Missing input or output delay  
An output delay is missing on anL[3] relative to clock(s) sys_clk_25M
Related violations: <none>

TIMING-18#42 Warning
Missing input or output delay  
An output delay is missing on leds[0] relative to clock(s) sys_clk_25M
Related violations: <none>

TIMING-18#43 Warning
Missing input or output delay  
An output delay is missing on leds[1] relative to clock(s) sys_clk_25M
Related violations: <none>

TIMING-18#44 Warning
Missing input or output delay  
An output delay is missing on leds[2] relative to clock(s) sys_clk_25M
Related violations: <none>

TIMING-18#45 Warning
Missing input or output delay  
An output delay is missing on leds[3] relative to clock(s) sys_clk_25M
Related violations: <none>

TIMING-18#46 Warning
Missing input or output delay  
An output delay is missing on leds[4] relative to clock(s) sys_clk_25M
Related violations: <none>

TIMING-18#47 Warning
Missing input or output delay  
An output delay is missing on leds[5] relative to clock(s) sys_clk_25M
Related violations: <none>

TIMING-18#48 Warning
Missing input or output delay  
An output delay is missing on leds[6] relative to clock(s) sys_clk_25M
Related violations: <none>

TIMING-18#49 Warning
Missing input or output delay  
An output delay is missing on leds[7] relative to clock(s) sys_clk_25M
Related violations: <none>

TIMING-18#50 Warning
Missing input or output delay  
An output delay is missing on txd relative to clock(s) sys_clk_25M
Related violations: <none>


